==1350== Memcheck, a memory error detector
==1350== Copyright (C) 2002-2015, and GNU GPL'd, by Julian Seward et al.
==1350== Using Valgrind-3.11.0 and LibVEX; rerun with -h for copyright info
==1350== Command: ./my_rpg
==1350== Parent PID: 29682
==1350== 
==1350== Warning: noted but unhandled ioctl 0x6458 with no size/direction hints.
==1350==    This could cause spurious value errors to appear.
==1350==    See README_MISSING_SYSCALL_OR_IOCTL for guidance on writing a proper wrapper.
==1350== 
==1350== HEAP SUMMARY:
==1350==     in use at exit: 46,727,944 bytes in 10,205 blocks
==1350==   total heap usage: 139,243 allocs, 129,038 frees, 527,580,954 bytes allocated
==1350== 
==1350== 8 bytes in 1 blocks are definitely lost in loss record 28 of 1,061
==1350==    at 0x4C2DB8F: malloc (in /usr/lib/valgrind/vgpreload_memcheck-amd64-linux.so)
==1350==    by 0x414027: init_particles (particle_spawn.c:48)
==1350==    by 0x40543C: init_game (game.c:71)
==1350==    by 0x40201B: init (main.c:25)
==1350==    by 0x4021A3: main (main.c:57)
==1350== 
==1350== 8 bytes in 1 blocks are definitely lost in loss record 29 of 1,061
==1350==    at 0x4C2E0EF: operator new(unsigned long) (in /usr/lib/valgrind/vgpreload_memcheck-amd64-linux.so)
==1350==    by 0x55743CF: sfClock_create (in /usr/lib/x86_64-linux-gnu/libcsfml-system.so.2.3.0)
==1350==    by 0x4050E5: init_timer (window.c:13)
==1350==    by 0x405391: init_movement (game.c:56)
==1350==    by 0x40546C: init_game (game.c:74)
==1350==    by 0x40201B: init (main.c:25)
==1350==    by 0x4021A3: main (main.c:57)
==1350== 
==1350== 12 bytes in 6 blocks are indirectly lost in loss record 36 of 1,061
==1350==    at 0x4C2DB8F: malloc (in /usr/lib/valgrind/vgpreload_memcheck-amd64-linux.so)
==1350==    by 0x416978: alloc_my_words (my_str_to_word_array.c:37)
==1350==    by 0x416BA0: my_str_to_word_array (my_str_to_word_array.c:76)
==1350==    by 0x40785A: get_npc_zone (npc_01.c:34)
==1350==    by 0x4058D2: init_from_pcf (file_analysing.c:23)
==1350==    by 0x4059A0: get_infos (file_analysing.c:44)
==1350==    by 0x405ADA: analyse_pcf (file_analysing.c:62)
==1350==    by 0x404A9D: init_npcs_lib (entity.c:45)
==1350==    by 0x402DAF: init_libs (libs.c:94)
==1350==    by 0x4053FC: init_game (game.c:67)
==1350==    by 0x40201B: init (main.c:25)
==1350==    by 0x4021A3: main (main.c:57)
==1350== 
==1350== 12 bytes in 6 blocks are indirectly lost in loss record 37 of 1,061
==1350==    at 0x4C2DB8F: malloc (in /usr/lib/valgrind/vgpreload_memcheck-amd64-linux.so)
==1350==    by 0x416978: alloc_my_words (my_str_to_word_array.c:37)
==1350==    by 0x416BA0: my_str_to_word_array (my_str_to_word_array.c:76)
==1350==    by 0x407876: get_npc_zone (npc_01.c:35)
==1350==    by 0x4058D2: init_from_pcf (file_analysing.c:23)
==1350==    by 0x4059A0: get_infos (file_analysing.c:44)
==1350==    by 0x405ADA: analyse_pcf (file_analysing.c:62)
==1350==    by 0x404A9D: init_npcs_lib (entity.c:45)
==1350==    by 0x402DAF: init_libs (libs.c:94)
==1350==    by 0x4053FC: init_game (game.c:67)
==1350==    by 0x40201B: init (main.c:25)
==1350==    by 0x4021A3: main (main.c:57)
==1350== 
==1350== 12 bytes in 6 blocks are indirectly lost in loss record 38 of 1,061
==1350==    at 0x4C2DB8F: malloc (in /usr/lib/valgrind/vgpreload_memcheck-amd64-linux.so)
==1350==    by 0x416978: alloc_my_words (my_str_to_word_array.c:37)
==1350==    by 0x416BA0: my_str_to_word_array (my_str_to_word_array.c:76)
==1350==    by 0x40794B: get_npc_area (npc_01.c:51)
==1350==    by 0x4058D2: init_from_pcf (file_analysing.c:23)
==1350==    by 0x4059A0: get_infos (file_analysing.c:44)
==1350==    by 0x405ADA: analyse_pcf (file_analysing.c:62)
==1350==    by 0x404A9D: init_npcs_lib (entity.c:45)
==1350==    by 0x402DAF: init_libs (libs.c:94)
==1350==    by 0x4053FC: init_game (game.c:67)
==1350==    by 0x40201B: init (main.c:25)
==1350==    by 0x4021A3: main (main.c:57)
==1350== 
==1350== 12 bytes in 6 blocks are indirectly lost in loss record 39 of 1,061
==1350==    at 0x4C2DB8F: malloc (in /usr/lib/valgrind/vgpreload_memcheck-amd64-linux.so)
==1350==    by 0x416978: alloc_my_words (my_str_to_word_array.c:37)
==1350==    by 0x416BA0: my_str_to_word_array (my_str_to_word_array.c:76)
==1350==    by 0x407967: get_npc_area (npc_01.c:52)
==1350==    by 0x4058D2: init_from_pcf (file_analysing.c:23)
==1350==    by 0x4059A0: get_infos (file_analysing.c:44)
==1350==    by 0x405ADA: analyse_pcf (file_analysing.c:62)
==1350==    by 0x404A9D: init_npcs_lib (entity.c:45)
==1350==    by 0x402DAF: init_libs (libs.c:94)
==1350==    by 0x4053FC: init_game (game.c:67)
==1350==    by 0x40201B: init (main.c:25)
==1350==    by 0x4021A3: main (main.c:57)
==1350== 
==1350== 12 bytes in 6 blocks are indirectly lost in loss record 40 of 1,061
==1350==    at 0x4C2DB8F: malloc (in /usr/lib/valgrind/vgpreload_memcheck-amd64-linux.so)
==1350==    by 0x416978: alloc_my_words (my_str_to_word_array.c:37)
==1350==    by 0x416BA0: my_str_to_word_array (my_str_to_word_array.c:76)
==1350==    by 0x407A3C: get_npc_tile (npc_01.c:68)
==1350==    by 0x4058D2: init_from_pcf (file_analysing.c:23)
==1350==    by 0x4059A0: get_infos (file_analysing.c:44)
==1350==    by 0x405ADA: analyse_pcf (file_analysing.c:62)
==1350==    by 0x404A9D: init_npcs_lib (entity.c:45)
==1350==    by 0x402DAF: init_libs (libs.c:94)
==1350==    by 0x4053FC: init_game (game.c:67)
==1350==    by 0x40201B: init (main.c:25)
==1350==    by 0x4021A3: main (main.c:57)
==1350== 
==1350== 12 bytes in 6 blocks are indirectly lost in loss record 41 of 1,061
==1350==    at 0x4C2DB8F: malloc (in /usr/lib/valgrind/vgpreload_memcheck-amd64-linux.so)
==1350==    by 0x416978: alloc_my_words (my_str_to_word_array.c:37)
==1350==    by 0x416BA0: my_str_to_word_array (my_str_to_word_array.c:76)
==1350==    by 0x407A58: get_npc_tile (npc_01.c:69)
==1350==    by 0x4058D2: init_from_pcf (file_analysing.c:23)
==1350==    by 0x4059A0: get_infos (file_analysing.c:44)
==1350==    by 0x405ADA: analyse_pcf (file_analysing.c:62)
==1350==    by 0x404A9D: init_npcs_lib (entity.c:45)
==1350==    by 0x402DAF: init_libs (libs.c:94)
==1350==    by 0x4053FC: init_game (game.c:67)
==1350==    by 0x40201B: init (main.c:25)
==1350==    by 0x4021A3: main (main.c:57)
==1350== 
==1350== 15 bytes in 1 blocks are possibly lost in loss record 58 of 1,061
==1350==    at 0x4C2DB8F: malloc (in /usr/lib/valgrind/vgpreload_memcheck-amd64-linux.so)
==1350==    by 0x41674C: my_strdup (my_strdup.c:13)
==1350==    by 0x408178: create_item_data (create_02.c:17)
==1350==    by 0x406A25: get_item (items.c:14)
==1350==    by 0x4058D2: init_from_pcf (file_analysing.c:23)
==1350==    by 0x4059A0: get_infos (file_analysing.c:44)
==1350==    by 0x405ADA: analyse_pcf (file_analysing.c:62)
==1350==    by 0x402A42: init_items_lib (libs.c:57)
==1350==    by 0x402D8F: init_libs (libs.c:92)
==1350==    by 0x4053FC: init_game (game.c:67)
==1350==    by 0x40201B: init (main.c:25)
==1350==    by 0x4021A3: main (main.c:57)
==1350== 
==1350== 15 bytes in 1 blocks are possibly lost in loss record 59 of 1,061
==1350==    at 0x4C2DB8F: malloc (in /usr/lib/valgrind/vgpreload_memcheck-amd64-linux.so)
==1350==    by 0x41674C: my_strdup (my_strdup.c:13)
==1350==    by 0x406B3B: get_item_texture (items.c:37)
==1350==    by 0x4058D2: init_from_pcf (file_analysing.c:23)
==1350==    by 0x4059A0: get_infos (file_analysing.c:44)
==1350==    by 0x405ADA: analyse_pcf (file_analysing.c:62)
==1350==    by 0x402A42: init_items_lib (libs.c:57)
==1350==    by 0x402D8F: init_libs (libs.c:92)
==1350==    by 0x4053FC: init_game (game.c:67)
==1350==    by 0x40201B: init (main.c:25)
==1350==    by 0x4021A3: main (main.c:57)
==1350== 
==1350== 16 bytes in 1 blocks are still reachable in loss record 64 of 1,061
==1350==    at 0x4C2DB8F: malloc (in /usr/lib/valgrind/vgpreload_memcheck-amd64-linux.so)
==1350==    by 0x4008372: decompose_rpath (dl-load.c:628)
==1350==    by 0x4008F9B: cache_rpath (dl-load.c:680)
==1350==    by 0x4008F9B: _dl_map_object (dl-load.c:2303)
==1350==    by 0x400DBA1: openaux (dl-deps.c:63)
==1350==    by 0x4010563: _dl_catch_error (dl-error.c:187)
==1350==    by 0x400E1E1: _dl_map_object_deps (dl-deps.c:254)
==1350==    by 0x40155E1: dl_open_worker (dl-open.c:280)
==1350==    by 0x4010563: _dl_catch_error (dl-error.c:187)
==1350==    by 0x4014DA8: _dl_open (dl-open.c:660)
==1350==    by 0xAAF8F08: dlopen_doit (dlopen.c:66)
==1350==    by 0x4010563: _dl_catch_error (dl-error.c:187)
==1350==    by 0xAAF9570: _dlerror_run (dlerror.c:163)
==1350== 
==1350== 16 bytes in 1 blocks are indirectly lost in loss record 85 of 1,061
==1350==    at 0x4C2DB8F: malloc (in /usr/lib/valgrind/vgpreload_memcheck-amd64-linux.so)
==1350==    by 0x41674C: my_strdup (my_strdup.c:13)
==1350==    by 0x40808D: create_item (create_01.c:79)
==1350==    by 0x4095F1: add_new_to_slot (add.c:12)
==1350==    by 0x403CDE: get_starting_items (inventory.c:37)
==1350==    by 0x403F11: init_inventory (inventory.c:57)
==1350==    by 0x40541C: init_game (game.c:69)
==1350==    by 0x40201B: init (main.c:25)
==1350==    by 0x4021A3: main (main.c:57)
==1350== 
==1350== 16 bytes in 1 blocks are indirectly lost in loss record 86 of 1,061
==1350==    at 0x4C2DB8F: malloc (in /usr/lib/valgrind/vgpreload_memcheck-amd64-linux.so)
==1350==    by 0x41674C: my_strdup (my_strdup.c:13)
==1350==    by 0x40808D: create_item (create_01.c:79)
==1350==    by 0x4095F1: add_new_to_slot (add.c:12)
==1350==    by 0x403D26: get_starting_items (inventory.c:38)
==1350==    by 0x403F11: init_inventory (inventory.c:57)
==1350==    by 0x40541C: init_game (game.c:69)
==1350==    by 0x40201B: init (main.c:25)
==1350==    by 0x4021A3: main (main.c:57)
==1350== 
==1350== 17 bytes in 1 blocks are indirectly lost in loss record 90 of 1,061
==1350==    at 0x4C2DB8F: malloc (in /usr/lib/valgrind/vgpreload_memcheck-amd64-linux.so)
==1350==    by 0x41674C: my_strdup (my_strdup.c:13)
==1350==    by 0x40808D: create_item (create_01.c:79)
==1350==    by 0x4095F1: add_new_to_slot (add.c:12)
==1350==    by 0x403C96: get_starting_items (inventory.c:36)
==1350==    by 0x403F11: init_inventory (inventory.c:57)
==1350==    by 0x40541C: init_game (game.c:69)
==1350==    by 0x40201B: init (main.c:25)
==1350==    by 0x4021A3: main (main.c:57)
==1350== 
==1350== 20 bytes in 1 blocks are indirectly lost in loss record 102 of 1,061
==1350==    at 0x4C2DB8F: malloc (in /usr/lib/valgrind/vgpreload_memcheck-amd64-linux.so)
==1350==    by 0x41674C: my_strdup (my_strdup.c:13)
==1350==    by 0x40808D: create_item (create_01.c:79)
==1350==    by 0x4095F1: add_new_to_slot (add.c:12)
==1350==    by 0x403D6A: get_starting_items (inventory.c:39)
==1350==    by 0x403F11: init_inventory (inventory.c:57)
==1350==    by 0x40541C: init_game (game.c:69)
==1350==    by 0x40201B: init (main.c:25)
==1350==    by 0x4021A3: main (main.c:57)
==1350== 
==1350== 32 bytes in 1 blocks are indirectly lost in loss record 166 of 1,061
==1350==    at 0x4C2E0EF: operator new(unsigned long) (in /usr/lib/valgrind/vgpreload_memcheck-amd64-linux.so)
==1350==    by 0x515DB18: sfTexture_createFromFile (in /usr/lib/x86_64-linux-gnu/libcsfml-graphics.so.2.3.0)
==1350==    by 0x414D75: set_intro_values (lobby.c:57)
==1350==    by 0x414E4C: start_intro (lobby.c:74)
==1350==    by 0x401FFD: init (main.c:23)
==1350==    by 0x4021A3: main (main.c:57)
==1350== 
==1350== 40 bytes in 1 blocks are possibly lost in loss record 264 of 1,061
==1350==    at 0x4C2DB8F: malloc (in /usr/lib/valgrind/vgpreload_memcheck-amd64-linux.so)
==1350==    by 0x40815A: create_item_data (create_02.c:13)
==1350==    by 0x406A25: get_item (items.c:14)
==1350==    by 0x4058D2: init_from_pcf (file_analysing.c:23)
==1350==    by 0x4059A0: get_infos (file_analysing.c:44)
==1350==    by 0x405ADA: analyse_pcf (file_analysing.c:62)
==1350==    by 0x402A42: init_items_lib (libs.c:57)
==1350==    by 0x402D8F: init_libs (libs.c:92)
==1350==    by 0x4053FC: init_game (game.c:67)
==1350==    by 0x40201B: init (main.c:25)
==1350==    by 0x4021A3: main (main.c:57)
==1350== 
==1350== 41 bytes in 4 blocks are definitely lost in loss record 267 of 1,061
==1350==    at 0x4C2DB8F: malloc (in /usr/lib/valgrind/vgpreload_memcheck-amd64-linux.so)
==1350==    by 0x41674C: my_strdup (my_strdup.c:13)
==1350==    by 0x405E86: get_map (map.c:28)
==1350==    by 0x4058D2: init_from_pcf (file_analysing.c:23)
==1350==    by 0x4059A0: get_infos (file_analysing.c:44)
==1350==    by 0x405ADA: analyse_pcf (file_analysing.c:62)
==1350==    by 0x40354B: init_map (map.c:46)
==1350==    by 0x4053E8: init_game (game.c:66)
==1350==    by 0x40201B: init (main.c:25)
==1350==    by 0x4021A3: main (main.c:57)
==1350== 
==1350== 48 (16 direct, 32 indirect) bytes in 1 blocks are definitely lost in loss record 308 of 1,061
==1350==    at 0x4C2E0EF: operator new(unsigned long) (in /usr/lib/valgrind/vgpreload_memcheck-amd64-linux.so)
==1350==    by 0x515DB0B: sfTexture_createFromFile (in /usr/lib/x86_64-linux-gnu/libcsfml-graphics.so.2.3.0)
==1350==    by 0x414D75: set_intro_values (lobby.c:57)
==1350==    by 0x414E4C: start_intro (lobby.c:74)
==1350==    by 0x401FFD: init (main.c:23)
==1350==    by 0x4021A3: main (main.c:57)
==1350== 
==1350== 59 bytes in 1 blocks are still reachable in loss record 323 of 1,061
==1350==    at 0x4C2DB8F: malloc (in /usr/lib/valgrind/vgpreload_memcheck-amd64-linux.so)
==1350==    by 0x4005EEC: open_path (dl-load.c:2143)
==1350==    by 0x4008F26: _dl_map_object (dl-load.c:2305)
==1350==    by 0x400DBA1: openaux (dl-deps.c:63)
==1350==    by 0x4010563: _dl_catch_error (dl-error.c:187)
==1350==    by 0x400E1E1: _dl_map_object_deps (dl-deps.c:254)
==1350==    by 0x40155E1: dl_open_worker (dl-open.c:280)
==1350==    by 0x4010563: _dl_catch_error (dl-error.c:187)
==1350==    by 0x4014DA8: _dl_open (dl-open.c:660)
==1350==    by 0xAAF8F08: dlopen_doit (dlopen.c:66)
==1350==    by 0x4010563: _dl_catch_error (dl-error.c:187)
==1350==    by 0xAAF9570: _dlerror_run (dlerror.c:163)
==1350== 
==1350== 72 bytes in 1 blocks are indirectly lost in loss record 390 of 1,061
==1350==    at 0x4C2DB8F: malloc (in /usr/lib/valgrind/vgpreload_memcheck-amd64-linux.so)
==1350==    by 0x407DB2: create_obj (create_01.c:24)
==1350==    by 0x4080D7: create_item (create_01.c:80)
==1350==    by 0x4095F1: add_new_to_slot (add.c:12)
==1350==    by 0x403C96: get_starting_items (inventory.c:36)
==1350==    by 0x403F11: init_inventory (inventory.c:57)
==1350==    by 0x40541C: init_game (game.c:69)
==1350==    by 0x40201B: init (main.c:25)
==1350==    by 0x4021A3: main (main.c:57)
==1350== 
==1350== 72 bytes in 1 blocks are indirectly lost in loss record 391 of 1,061
==1350==    at 0x4C2DB8F: malloc (in /usr/lib/valgrind/vgpreload_memcheck-amd64-linux.so)
==1350==    by 0x407DB2: create_obj (create_01.c:24)
==1350==    by 0x4080D7: create_item (create_01.c:80)
==1350==    by 0x4095F1: add_new_to_slot (add.c:12)
==1350==    by 0x403CDE: get_starting_items (inventory.c:37)
==1350==    by 0x403F11: init_inventory (inventory.c:57)
==1350==    by 0x40541C: init_game (game.c:69)
==1350==    by 0x40201B: init (main.c:25)
==1350==    by 0x4021A3: main (main.c:57)
==1350== 
==1350== 72 bytes in 1 blocks are indirectly lost in loss record 392 of 1,061
==1350==    at 0x4C2DB8F: malloc (in /usr/lib/valgrind/vgpreload_memcheck-amd64-linux.so)
==1350==    by 0x407DB2: create_obj (create_01.c:24)
==1350==    by 0x4080D7: create_item (create_01.c:80)
==1350==    by 0x4095F1: add_new_to_slot (add.c:12)
==1350==    by 0x403D26: get_starting_items (inventory.c:38)
==1350==    by 0x403F11: init_inventory (inventory.c:57)
==1350==    by 0x40541C: init_game (game.c:69)
==1350==    by 0x40201B: init (main.c:25)
==1350==    by 0x4021A3: main (main.c:57)
==1350== 
==1350== 72 bytes in 1 blocks are indirectly lost in loss record 393 of 1,061
==1350==    at 0x4C2DB8F: malloc (in /usr/lib/valgrind/vgpreload_memcheck-amd64-linux.so)
==1350==    by 0x407DB2: create_obj (create_01.c:24)
==1350==    by 0x4080D7: create_item (create_01.c:80)
==1350==    by 0x4095F1: add_new_to_slot (add.c:12)
==1350==    by 0x403D6A: get_starting_items (inventory.c:39)
==1350==    by 0x403F11: init_inventory (inventory.c:57)
==1350==    by 0x40541C: init_game (game.c:69)
==1350==    by 0x40201B: init (main.c:25)
==1350==    by 0x4021A3: main (main.c:57)
==1350== 
==1350== 84 (72 direct, 12 indirect) bytes in 3 blocks are definitely lost in loss record 421 of 1,061
==1350==    at 0x4C2DB8F: malloc (in /usr/lib/valgrind/vgpreload_memcheck-amd64-linux.so)
==1350==    by 0x416B2B: my_str_to_word_array (my_str_to_word_array.c:69)
==1350==    by 0x40785A: get_npc_zone (npc_01.c:34)
==1350==    by 0x4058D2: init_from_pcf (file_analysing.c:23)
==1350==    by 0x4059A0: get_infos (file_analysing.c:44)
==1350==    by 0x405ADA: analyse_pcf (file_analysing.c:62)
==1350==    by 0x404A9D: init_npcs_lib (entity.c:45)
==1350==    by 0x402DAF: init_libs (libs.c:94)
==1350==    by 0x4053FC: init_game (game.c:67)
==1350==    by 0x40201B: init (main.c:25)
==1350==    by 0x4021A3: main (main.c:57)
==1350== 
==1350== 84 (72 direct, 12 indirect) bytes in 3 blocks are definitely lost in loss record 422 of 1,061
==1350==    at 0x4C2DB8F: malloc (in /usr/lib/valgrind/vgpreload_memcheck-amd64-linux.so)
==1350==    by 0x416B2B: my_str_to_word_array (my_str_to_word_array.c:69)
==1350==    by 0x407876: get_npc_zone (npc_01.c:35)
==1350==    by 0x4058D2: init_from_pcf (file_analysing.c:23)
==1350==    by 0x4059A0: get_infos (file_analysing.c:44)
==1350==    by 0x405ADA: analyse_pcf (file_analysing.c:62)
==1350==    by 0x404A9D: init_npcs_lib (entity.c:45)
==1350==    by 0x402DAF: init_libs (libs.c:94)
==1350==    by 0x4053FC: init_game (game.c:67)
==1350==    by 0x40201B: init (main.c:25)
==1350==    by 0x4021A3: main (main.c:57)
==1350== 
==1350== 84 (72 direct, 12 indirect) bytes in 3 blocks are definitely lost in loss record 423 of 1,061
==1350==    at 0x4C2DB8F: malloc (in /usr/lib/valgrind/vgpreload_memcheck-amd64-linux.so)
==1350==    by 0x416B2B: my_str_to_word_array (my_str_to_word_array.c:69)
==1350==    by 0x40794B: get_npc_area (npc_01.c:51)
==1350==    by 0x4058D2: init_from_pcf (file_analysing.c:23)
==1350==    by 0x4059A0: get_infos (file_analysing.c:44)
==1350==    by 0x405ADA: analyse_pcf (file_analysing.c:62)
==1350==    by 0x404A9D: init_npcs_lib (entity.c:45)
==1350==    by 0x402DAF: init_libs (libs.c:94)
==1350==    by 0x4053FC: init_game (game.c:67)
==1350==    by 0x40201B: init (main.c:25)
==1350==    by 0x4021A3: main (main.c:57)
==1350== 
==1350== 84 (72 direct, 12 indirect) bytes in 3 blocks are definitely lost in loss record 424 of 1,061
==1350==    at 0x4C2DB8F: malloc (in /usr/lib/valgrind/vgpreload_memcheck-amd64-linux.so)
==1350==    by 0x416B2B: my_str_to_word_array (my_str_to_word_array.c:69)
==1350==    by 0x407967: get_npc_area (npc_01.c:52)
==1350==    by 0x4058D2: init_from_pcf (file_analysing.c:23)
==1350==    by 0x4059A0: get_infos (file_analysing.c:44)
==1350==    by 0x405ADA: analyse_pcf (file_analysing.c:62)
==1350==    by 0x404A9D: init_npcs_lib (entity.c:45)
==1350==    by 0x402DAF: init_libs (libs.c:94)
==1350==    by 0x4053FC: init_game (game.c:67)
==1350==    by 0x40201B: init (main.c:25)
==1350==    by 0x4021A3: main (main.c:57)
==1350== 
==1350== 84 (72 direct, 12 indirect) bytes in 3 blocks are definitely lost in loss record 425 of 1,061
==1350==    at 0x4C2DB8F: malloc (in /usr/lib/valgrind/vgpreload_memcheck-amd64-linux.so)
==1350==    by 0x416B2B: my_str_to_word_array (my_str_to_word_array.c:69)
==1350==    by 0x407A3C: get_npc_tile (npc_01.c:68)
==1350==    by 0x4058D2: init_from_pcf (file_analysing.c:23)
==1350==    by 0x4059A0: get_infos (file_analysing.c:44)
==1350==    by 0x405ADA: analyse_pcf (file_analysing.c:62)
==1350==    by 0x404A9D: init_npcs_lib (entity.c:45)
==1350==    by 0x402DAF: init_libs (libs.c:94)
==1350==    by 0x4053FC: init_game (game.c:67)
==1350==    by 0x40201B: init (main.c:25)
==1350==    by 0x4021A3: main (main.c:57)
==1350== 
==1350== 84 (72 direct, 12 indirect) bytes in 3 blocks are definitely lost in loss record 426 of 1,061
==1350==    at 0x4C2DB8F: malloc (in /usr/lib/valgrind/vgpreload_memcheck-amd64-linux.so)
==1350==    by 0x416B2B: my_str_to_word_array (my_str_to_word_array.c:69)
==1350==    by 0x407A58: get_npc_tile (npc_01.c:69)
==1350==    by 0x4058D2: init_from_pcf (file_analysing.c:23)
==1350==    by 0x4059A0: get_infos (file_analysing.c:44)
==1350==    by 0x405ADA: analyse_pcf (file_analysing.c:62)
==1350==    by 0x404A9D: init_npcs_lib (entity.c:45)
==1350==    by 0x402DAF: init_libs (libs.c:94)
==1350==    by 0x4053FC: init_game (game.c:67)
==1350==    by 0x40201B: init (main.c:25)
==1350==    by 0x4021A3: main (main.c:57)
==1350== 
==1350== 89 bytes in 4 blocks are definitely lost in loss record 434 of 1,061
==1350==    at 0x4C2DB8F: malloc (in /usr/lib/valgrind/vgpreload_memcheck-amd64-linux.so)
==1350==    by 0x41674C: my_strdup (my_strdup.c:13)
==1350==    by 0x405ED3: get_map (map.c:29)
==1350==    by 0x4058D2: init_from_pcf (file_analysing.c:23)
==1350==    by 0x4059A0: get_infos (file_analysing.c:44)
==1350==    by 0x405ADA: analyse_pcf (file_analysing.c:62)
==1350==    by 0x40354B: init_map (map.c:46)
==1350==    by 0x4053E8: init_game (game.c:66)
==1350==    by 0x40201B: init (main.c:25)
==1350==    by 0x4021A3: main (main.c:57)
==1350== 
==1350== 120 bytes in 1 blocks are indirectly lost in loss record 503 of 1,061
==1350==    at 0x4C2E0EF: operator new(unsigned long) (in /usr/lib/valgrind/vgpreload_memcheck-amd64-linux.so)
==1350==    by 0x5D7A2A9: std::vector<sf::Vertex, std::allocator<sf::Vertex> >::_M_fill_insert(__gnu_cxx::__normal_iterator<sf::Vertex*, std::vector<sf::Vertex, std::allocator<sf::Vertex> > >, unsigned long, sf::Vertex const&) (in /usr/lib/x86_64-linux-gnu/libsfml-graphics.so.2.3.2)
==1350==    by 0x5D79D03: sf::VertexArray::resize(unsigned long) (in /usr/lib/x86_64-linux-gnu/libsfml-graphics.so.2.3.2)
==1350==    by 0x5D770F8: sf::Shape::update() (in /usr/lib/x86_64-linux-gnu/libsfml-graphics.so.2.3.2)
==1350==    by 0x5D77515: sf::RectangleShape::RectangleShape(sf::Vector2<float> const&) (in /usr/lib/x86_64-linux-gnu/libsfml-graphics.so.2.3.2)
==1350==    by 0x51547DC: sfRectangleShape_create (in /usr/lib/x86_64-linux-gnu/libcsfml-graphics.so.2.3.0)
==1350==    by 0x407E1B: create_obj (create_01.c:33)
==1350==    by 0x4080D7: create_item (create_01.c:80)
==1350==    by 0x4095F1: add_new_to_slot (add.c:12)
==1350==    by 0x403C96: get_starting_items (inventory.c:36)
==1350==    by 0x403F11: init_inventory (inventory.c:57)
==1350==    by 0x40541C: init_game (game.c:69)
==1350== 
==1350== 120 bytes in 1 blocks are indirectly lost in loss record 504 of 1,061
==1350==    at 0x4C2E0EF: operator new(unsigned long) (in /usr/lib/valgrind/vgpreload_memcheck-amd64-linux.so)
==1350==    by 0x5D7A2A9: std::vector<sf::Vertex, std::allocator<sf::Vertex> >::_M_fill_insert(__gnu_cxx::__normal_iterator<sf::Vertex*, std::vector<sf::Vertex, std::allocator<sf::Vertex> > >, unsigned long, sf::Vertex const&) (in /usr/lib/x86_64-linux-gnu/libsfml-graphics.so.2.3.2)
==1350==    by 0x5D79D03: sf::VertexArray::resize(unsigned long) (in /usr/lib/x86_64-linux-gnu/libsfml-graphics.so.2.3.2)
==1350==    by 0x5D770F8: sf::Shape::update() (in /usr/lib/x86_64-linux-gnu/libsfml-graphics.so.2.3.2)
==1350==    by 0x5D77515: sf::RectangleShape::RectangleShape(sf::Vector2<float> const&) (in /usr/lib/x86_64-linux-gnu/libsfml-graphics.so.2.3.2)
==1350==    by 0x51547DC: sfRectangleShape_create (in /usr/lib/x86_64-linux-gnu/libcsfml-graphics.so.2.3.0)
==1350==    by 0x407E1B: create_obj (create_01.c:33)
==1350==    by 0x4080D7: create_item (create_01.c:80)
==1350==    by 0x4095F1: add_new_to_slot (add.c:12)
==1350==    by 0x403CDE: get_starting_items (inventory.c:37)
==1350==    by 0x403F11: init_inventory (inventory.c:57)
==1350==    by 0x40541C: init_game (game.c:69)
==1350== 
==1350== 120 bytes in 1 blocks are indirectly lost in loss record 505 of 1,061
==1350==    at 0x4C2E0EF: operator new(unsigned long) (in /usr/lib/valgrind/vgpreload_memcheck-amd64-linux.so)
==1350==    by 0x5D7A2A9: std::vector<sf::Vertex, std::allocator<sf::Vertex> >::_M_fill_insert(__gnu_cxx::__normal_iterator<sf::Vertex*, std::vector<sf::Vertex, std::allocator<sf::Vertex> > >, unsigned long, sf::Vertex const&) (in /usr/lib/x86_64-linux-gnu/libsfml-graphics.so.2.3.2)
==1350==    by 0x5D79D03: sf::VertexArray::resize(unsigned long) (in /usr/lib/x86_64-linux-gnu/libsfml-graphics.so.2.3.2)
==1350==    by 0x5D770F8: sf::Shape::update() (in /usr/lib/x86_64-linux-gnu/libsfml-graphics.so.2.3.2)
==1350==    by 0x5D77515: sf::RectangleShape::RectangleShape(sf::Vector2<float> const&) (in /usr/lib/x86_64-linux-gnu/libsfml-graphics.so.2.3.2)
==1350==    by 0x51547DC: sfRectangleShape_create (in /usr/lib/x86_64-linux-gnu/libcsfml-graphics.so.2.3.0)
==1350==    by 0x407E1B: create_obj (create_01.c:33)
==1350==    by 0x4080D7: create_item (create_01.c:80)
==1350==    by 0x4095F1: add_new_to_slot (add.c:12)
==1350==    by 0x403D26: get_starting_items (inventory.c:38)
==1350==    by 0x403F11: init_inventory (inventory.c:57)
==1350==    by 0x40541C: init_game (game.c:69)
==1350== 
==1350== 120 bytes in 1 blocks are indirectly lost in loss record 506 of 1,061
==1350==    at 0x4C2E0EF: operator new(unsigned long) (in /usr/lib/valgrind/vgpreload_memcheck-amd64-linux.so)
==1350==    by 0x5D7A2A9: std::vector<sf::Vertex, std::allocator<sf::Vertex> >::_M_fill_insert(__gnu_cxx::__normal_iterator<sf::Vertex*, std::vector<sf::Vertex, std::allocator<sf::Vertex> > >, unsigned long, sf::Vertex const&) (in /usr/lib/x86_64-linux-gnu/libsfml-graphics.so.2.3.2)
==1350==    by 0x5D79D03: sf::VertexArray::resize(unsigned long) (in /usr/lib/x86_64-linux-gnu/libsfml-graphics.so.2.3.2)
==1350==    by 0x5D770F8: sf::Shape::update() (in /usr/lib/x86_64-linux-gnu/libsfml-graphics.so.2.3.2)
==1350==    by 0x5D77515: sf::RectangleShape::RectangleShape(sf::Vector2<float> const&) (in /usr/lib/x86_64-linux-gnu/libsfml-graphics.so.2.3.2)
==1350==    by 0x51547DC: sfRectangleShape_create (in /usr/lib/x86_64-linux-gnu/libcsfml-graphics.so.2.3.0)
==1350==    by 0x407E1B: create_obj (create_01.c:33)
==1350==    by 0x4080D7: create_item (create_01.c:80)
==1350==    by 0x4095F1: add_new_to_slot (add.c:12)
==1350==    by 0x403D6A: get_starting_items (inventory.c:39)
==1350==    by 0x403F11: init_inventory (inventory.c:57)
==1350==    by 0x40541C: init_game (game.c:69)
==1350== 
==1350== 120 bytes in 1 blocks are indirectly lost in loss record 507 of 1,061
==1350==    at 0x4C2E0EF: operator new(unsigned long) (in /usr/lib/valgrind/vgpreload_memcheck-amd64-linux.so)
==1350==    by 0x5D7A2A9: std::vector<sf::Vertex, std::allocator<sf::Vertex> >::_M_fill_insert(__gnu_cxx::__normal_iterator<sf::Vertex*, std::vector<sf::Vertex, std::allocator<sf::Vertex> > >, unsigned long, sf::Vertex const&) (in /usr/lib/x86_64-linux-gnu/libsfml-graphics.so.2.3.2)
==1350==    by 0x5D79D03: sf::VertexArray::resize(unsigned long) (in /usr/lib/x86_64-linux-gnu/libsfml-graphics.so.2.3.2)
==1350==    by 0x5D770F8: sf::Shape::update() (in /usr/lib/x86_64-linux-gnu/libsfml-graphics.so.2.3.2)
==1350==    by 0x5D77515: sf::RectangleShape::RectangleShape(sf::Vector2<float> const&) (in /usr/lib/x86_64-linux-gnu/libsfml-graphics.so.2.3.2)
==1350==    by 0x51547DC: sfRectangleShape_create (in /usr/lib/x86_64-linux-gnu/libcsfml-graphics.so.2.3.0)
==1350==    by 0x407E1B: create_obj (create_01.c:33)
==1350==    by 0x40E0CC: reset_mouse_skin (replace.c:21)
==1350==    by 0x4051CD: init_tools (game.c:14)
==1350==    by 0x40544C: init_game (game.c:72)
==1350==    by 0x40201B: init (main.c:25)
==1350==    by 0x4021A3: main (main.c:57)
==1350== 
==1350== 120 bytes in 1 blocks are definitely lost in loss record 508 of 1,061
==1350==    at 0x4C2DB8F: malloc (in /usr/lib/valgrind/vgpreload_memcheck-amd64-linux.so)
==1350==    by 0x59EC9E7: getdelim (iogetdelim.c:62)
==1350==    by 0x405B1B: analyse_pcf (file_analysing.c:59)
==1350==    by 0x40354B: init_map (map.c:46)
==1350==    by 0x4053E8: init_game (game.c:66)
==1350==    by 0x40201B: init (main.c:25)
==1350==    by 0x4021A3: main (main.c:57)
==1350== 
==1350== 120 bytes in 1 blocks are definitely lost in loss record 509 of 1,061
==1350==    at 0x4C2DB8F: malloc (in /usr/lib/valgrind/vgpreload_memcheck-amd64-linux.so)
==1350==    by 0x59EC9E7: getdelim (iogetdelim.c:62)
==1350==    by 0x405B1B: analyse_pcf (file_analysing.c:59)
==1350==    by 0x402D12: init_textures_lib (libs.c:80)
==1350==    by 0x402D5F: init_libs (libs.c:89)
==1350==    by 0x4053FC: init_game (game.c:67)
==1350==    by 0x40201B: init (main.c:25)
==1350==    by 0x4021A3: main (main.c:57)
==1350== 
==1350== 120 bytes in 1 blocks are definitely lost in loss record 510 of 1,061
==1350==    at 0x4C2DB8F: malloc (in /usr/lib/valgrind/vgpreload_memcheck-amd64-linux.so)
==1350==    by 0x59EC9E7: getdelim (iogetdelim.c:62)
==1350==    by 0x405B1B: analyse_pcf (file_analysing.c:59)
==1350==    by 0x402752: init_audio_lib (libs.c:20)
==1350==    by 0x402D6F: init_libs (libs.c:90)
==1350==    by 0x4053FC: init_game (game.c:67)
==1350==    by 0x40201B: init (main.c:25)
==1350==    by 0x4021A3: main (main.c:57)
==1350== 
==1350== 120 bytes in 1 blocks are definitely lost in loss record 511 of 1,061
==1350==    at 0x4C2DB8F: malloc (in /usr/lib/valgrind/vgpreload_memcheck-amd64-linux.so)
==1350==    by 0x59EC9E7: getdelim (iogetdelim.c:62)
==1350==    by 0x405B1B: analyse_pcf (file_analysing.c:59)
==1350==    by 0x40285F: init_fonts_lib (libs.c:36)
==1350==    by 0x402D7F: init_libs (libs.c:91)
==1350==    by 0x4053FC: init_game (game.c:67)
==1350==    by 0x40201B: init (main.c:25)
==1350==    by 0x4021A3: main (main.c:57)
==1350== 
==1350== 120 bytes in 1 blocks are definitely lost in loss record 512 of 1,061
==1350==    at 0x4C2DB8F: malloc (in /usr/lib/valgrind/vgpreload_memcheck-amd64-linux.so)
==1350==    by 0x59EC9E7: getdelim (iogetdelim.c:62)
==1350==    by 0x405B1B: analyse_pcf (file_analysing.c:59)
==1350==    by 0x402A42: init_items_lib (libs.c:57)
==1350==    by 0x402D8F: init_libs (libs.c:92)
==1350==    by 0x4053FC: init_game (game.c:67)
==1350==    by 0x40201B: init (main.c:25)
==1350==    by 0x4021A3: main (main.c:57)
==1350== 
==1350== 120 bytes in 1 blocks are definitely lost in loss record 513 of 1,061
==1350==    at 0x4C2DB8F: malloc (in /usr/lib/valgrind/vgpreload_memcheck-amd64-linux.so)
==1350==    by 0x59EC9E7: getdelim (iogetdelim.c:62)
==1350==    by 0x405B1B: analyse_pcf (file_analysing.c:59)
==1350==    by 0x404819: init_monsters_lib (entity.c:23)
==1350==    by 0x402D9F: init_libs (libs.c:93)
==1350==    by 0x4053FC: init_game (game.c:67)
==1350==    by 0x40201B: init (main.c:25)
==1350==    by 0x4021A3: main (main.c:57)
==1350== 
==1350== 120 bytes in 1 blocks are definitely lost in loss record 514 of 1,061
==1350==    at 0x4C2DB8F: malloc (in /usr/lib/valgrind/vgpreload_memcheck-amd64-linux.so)
==1350==    by 0x59EC9E7: getdelim (iogetdelim.c:62)
==1350==    by 0x405B1B: analyse_pcf (file_analysing.c:59)
==1350==    by 0x404A9D: init_npcs_lib (entity.c:45)
==1350==    by 0x402DAF: init_libs (libs.c:94)
==1350==    by 0x4053FC: init_game (game.c:67)
==1350==    by 0x40201B: init (main.c:25)
==1350==    by 0x4021A3: main (main.c:57)
==1350== 
==1350== 120 bytes in 1 blocks are definitely lost in loss record 515 of 1,061
==1350==    at 0x4C2DB8F: malloc (in /usr/lib/valgrind/vgpreload_memcheck-amd64-linux.so)
==1350==    by 0x59EC9E7: getdelim (iogetdelim.c:62)
==1350==    by 0x405B1B: analyse_pcf (file_analysing.c:59)
==1350==    by 0x40509F: init_scenes (scenes.c:67)
==1350==    by 0x40540C: init_game (game.c:68)
==1350==    by 0x40201B: init (main.c:25)
==1350==    by 0x4021A3: main (main.c:57)
==1350== 
==1350== 200 bytes in 1 blocks are indirectly lost in loss record 701 of 1,061
==1350==    at 0x4C2E0EF: operator new(unsigned long) (in /usr/lib/valgrind/vgpreload_memcheck-amd64-linux.so)
==1350==    by 0x5D7A2A9: std::vector<sf::Vertex, std::allocator<sf::Vertex> >::_M_fill_insert(__gnu_cxx::__normal_iterator<sf::Vertex*, std::vector<sf::Vertex, std::allocator<sf::Vertex> > >, unsigned long, sf::Vertex const&) (in /usr/lib/x86_64-linux-gnu/libsfml-graphics.so.2.3.2)
==1350==    by 0x5D79D03: sf::VertexArray::resize(unsigned long) (in /usr/lib/x86_64-linux-gnu/libsfml-graphics.so.2.3.2)
==1350==    by 0x5D76DC7: sf::Shape::updateOutline() (in /usr/lib/x86_64-linux-gnu/libsfml-graphics.so.2.3.2)
==1350==    by 0x5D77515: sf::RectangleShape::RectangleShape(sf::Vector2<float> const&) (in /usr/lib/x86_64-linux-gnu/libsfml-graphics.so.2.3.2)
==1350==    by 0x51547DC: sfRectangleShape_create (in /usr/lib/x86_64-linux-gnu/libcsfml-graphics.so.2.3.0)
==1350==    by 0x407E1B: create_obj (create_01.c:33)
==1350==    by 0x4080D7: create_item (create_01.c:80)
==1350==    by 0x4095F1: add_new_to_slot (add.c:12)
==1350==    by 0x403C96: get_starting_items (inventory.c:36)
==1350==    by 0x403F11: init_inventory (inventory.c:57)
==1350==    by 0x40541C: init_game (game.c:69)
==1350== 
==1350== 200 bytes in 1 blocks are indirectly lost in loss record 702 of 1,061
==1350==    at 0x4C2E0EF: operator new(unsigned long) (in /usr/lib/valgrind/vgpreload_memcheck-amd64-linux.so)
==1350==    by 0x5D7A2A9: std::vector<sf::Vertex, std::allocator<sf::Vertex> >::_M_fill_insert(__gnu_cxx::__normal_iterator<sf::Vertex*, std::vector<sf::Vertex, std::allocator<sf::Vertex> > >, unsigned long, sf::Vertex const&) (in /usr/lib/x86_64-linux-gnu/libsfml-graphics.so.2.3.2)
==1350==    by 0x5D79D03: sf::VertexArray::resize(unsigned long) (in /usr/lib/x86_64-linux-gnu/libsfml-graphics.so.2.3.2)
==1350==    by 0x5D76DC7: sf::Shape::updateOutline() (in /usr/lib/x86_64-linux-gnu/libsfml-graphics.so.2.3.2)
==1350==    by 0x5D77515: sf::RectangleShape::RectangleShape(sf::Vector2<float> const&) (in /usr/lib/x86_64-linux-gnu/libsfml-graphics.so.2.3.2)
==1350==    by 0x51547DC: sfRectangleShape_create (in /usr/lib/x86_64-linux-gnu/libcsfml-graphics.so.2.3.0)
==1350==    by 0x407E1B: create_obj (create_01.c:33)
==1350==    by 0x4080D7: create_item (create_01.c:80)
==1350==    by 0x4095F1: add_new_to_slot (add.c:12)
==1350==    by 0x403CDE: get_starting_items (inventory.c:37)
==1350==    by 0x403F11: init_inventory (inventory.c:57)
==1350==    by 0x40541C: init_game (game.c:69)
==1350== 
==1350== 200 bytes in 1 blocks are indirectly lost in loss record 703 of 1,061
==1350==    at 0x4C2E0EF: operator new(unsigned long) (in /usr/lib/valgrind/vgpreload_memcheck-amd64-linux.so)
==1350==    by 0x5D7A2A9: std::vector<sf::Vertex, std::allocator<sf::Vertex> >::_M_fill_insert(__gnu_cxx::__normal_iterator<sf::Vertex*, std::vector<sf::Vertex, std::allocator<sf::Vertex> > >, unsigned long, sf::Vertex const&) (in /usr/lib/x86_64-linux-gnu/libsfml-graphics.so.2.3.2)
==1350==    by 0x5D79D03: sf::VertexArray::resize(unsigned long) (in /usr/lib/x86_64-linux-gnu/libsfml-graphics.so.2.3.2)
==1350==    by 0x5D76DC7: sf::Shape::updateOutline() (in /usr/lib/x86_64-linux-gnu/libsfml-graphics.so.2.3.2)
==1350==    by 0x5D77515: sf::RectangleShape::RectangleShape(sf::Vector2<float> const&) (in /usr/lib/x86_64-linux-gnu/libsfml-graphics.so.2.3.2)
==1350==    by 0x51547DC: sfRectangleShape_create (in /usr/lib/x86_64-linux-gnu/libcsfml-graphics.so.2.3.0)
==1350==    by 0x407E1B: create_obj (create_01.c:33)
==1350==    by 0x4080D7: create_item (create_01.c:80)
==1350==    by 0x4095F1: add_new_to_slot (add.c:12)
==1350==    by 0x403D26: get_starting_items (inventory.c:38)
==1350==    by 0x403F11: init_inventory (inventory.c:57)
==1350==    by 0x40541C: init_game (game.c:69)
==1350== 
==1350== 200 bytes in 1 blocks are indirectly lost in loss record 704 of 1,061
==1350==    at 0x4C2E0EF: operator new(unsigned long) (in /usr/lib/valgrind/vgpreload_memcheck-amd64-linux.so)
==1350==    by 0x5D7A2A9: std::vector<sf::Vertex, std::allocator<sf::Vertex> >::_M_fill_insert(__gnu_cxx::__normal_iterator<sf::Vertex*, std::vector<sf::Vertex, std::allocator<sf::Vertex> > >, unsigned long, sf::Vertex const&) (in /usr/lib/x86_64-linux-gnu/libsfml-graphics.so.2.3.2)
==1350==    by 0x5D79D03: sf::VertexArray::resize(unsigned long) (in /usr/lib/x86_64-linux-gnu/libsfml-graphics.so.2.3.2)
==1350==    by 0x5D76DC7: sf::Shape::updateOutline() (in /usr/lib/x86_64-linux-gnu/libsfml-graphics.so.2.3.2)
==1350==    by 0x5D77515: sf::RectangleShape::RectangleShape(sf::Vector2<float> const&) (in /usr/lib/x86_64-linux-gnu/libsfml-graphics.so.2.3.2)
==1350==    by 0x51547DC: sfRectangleShape_create (in /usr/lib/x86_64-linux-gnu/libcsfml-graphics.so.2.3.0)
==1350==    by 0x407E1B: create_obj (create_01.c:33)
==1350==    by 0x4080D7: create_item (create_01.c:80)
==1350==    by 0x4095F1: add_new_to_slot (add.c:12)
==1350==    by 0x403D6A: get_starting_items (inventory.c:39)
==1350==    by 0x403F11: init_inventory (inventory.c:57)
==1350==    by 0x40541C: init_game (game.c:69)
==1350== 
==1350== 200 bytes in 1 blocks are indirectly lost in loss record 705 of 1,061
==1350==    at 0x4C2E0EF: operator new(unsigned long) (in /usr/lib/valgrind/vgpreload_memcheck-amd64-linux.so)
==1350==    by 0x5D7A2A9: std::vector<sf::Vertex, std::allocator<sf::Vertex> >::_M_fill_insert(__gnu_cxx::__normal_iterator<sf::Vertex*, std::vector<sf::Vertex, std::allocator<sf::Vertex> > >, unsigned long, sf::Vertex const&) (in /usr/lib/x86_64-linux-gnu/libsfml-graphics.so.2.3.2)
==1350==    by 0x5D79D03: sf::VertexArray::resize(unsigned long) (in /usr/lib/x86_64-linux-gnu/libsfml-graphics.so.2.3.2)
==1350==    by 0x5D76DC7: sf::Shape::updateOutline() (in /usr/lib/x86_64-linux-gnu/libsfml-graphics.so.2.3.2)
==1350==    by 0x5D77515: sf::RectangleShape::RectangleShape(sf::Vector2<float> const&) (in /usr/lib/x86_64-linux-gnu/libsfml-graphics.so.2.3.2)
==1350==    by 0x51547DC: sfRectangleShape_create (in /usr/lib/x86_64-linux-gnu/libcsfml-graphics.so.2.3.0)
==1350==    by 0x407E1B: create_obj (create_01.c:33)
==1350==    by 0x40E0CC: reset_mouse_skin (replace.c:21)
==1350==    by 0x4051CD: init_tools (game.c:14)
==1350==    by 0x40544C: init_game (game.c:72)
==1350==    by 0x40201B: init (main.c:25)
==1350==    by 0x4021A3: main (main.c:57)
==1350== 
==1350== 424 bytes in 1 blocks are indirectly lost in loss record 815 of 1,061
==1350==    at 0x4C2E0EF: operator new(unsigned long) (in /usr/lib/valgrind/vgpreload_memcheck-amd64-linux.so)
==1350==    by 0x51547BF: sfRectangleShape_create (in /usr/lib/x86_64-linux-gnu/libcsfml-graphics.so.2.3.0)
==1350==    by 0x407E1B: create_obj (create_01.c:33)
==1350==    by 0x4080D7: create_item (create_01.c:80)
==1350==    by 0x4095F1: add_new_to_slot (add.c:12)
==1350==    by 0x403C96: get_starting_items (inventory.c:36)
==1350==    by 0x403F11: init_inventory (inventory.c:57)
==1350==    by 0x40541C: init_game (game.c:69)
==1350==    by 0x40201B: init (main.c:25)
==1350==    by 0x4021A3: main (main.c:57)
==1350== 
==1350== 424 bytes in 1 blocks are indirectly lost in loss record 816 of 1,061
==1350==    at 0x4C2E0EF: operator new(unsigned long) (in /usr/lib/valgrind/vgpreload_memcheck-amd64-linux.so)
==1350==    by 0x51547BF: sfRectangleShape_create (in /usr/lib/x86_64-linux-gnu/libcsfml-graphics.so.2.3.0)
==1350==    by 0x407E1B: create_obj (create_01.c:33)
==1350==    by 0x4080D7: create_item (create_01.c:80)
==1350==    by 0x4095F1: add_new_to_slot (add.c:12)
==1350==    by 0x403CDE: get_starting_items (inventory.c:37)
==1350==    by 0x403F11: init_inventory (inventory.c:57)
==1350==    by 0x40541C: init_game (game.c:69)
==1350==    by 0x40201B: init (main.c:25)
==1350==    by 0x4021A3: main (main.c:57)
==1350== 
==1350== 424 bytes in 1 blocks are indirectly lost in loss record 817 of 1,061
==1350==    at 0x4C2E0EF: operator new(unsigned long) (in /usr/lib/valgrind/vgpreload_memcheck-amd64-linux.so)
==1350==    by 0x51547BF: sfRectangleShape_create (in /usr/lib/x86_64-linux-gnu/libcsfml-graphics.so.2.3.0)
==1350==    by 0x407E1B: create_obj (create_01.c:33)
==1350==    by 0x4080D7: create_item (create_01.c:80)
==1350==    by 0x4095F1: add_new_to_slot (add.c:12)
==1350==    by 0x403D26: get_starting_items (inventory.c:38)
==1350==    by 0x403F11: init_inventory (inventory.c:57)
==1350==    by 0x40541C: init_game (game.c:69)
==1350==    by 0x40201B: init (main.c:25)
==1350==    by 0x4021A3: main (main.c:57)
==1350== 
==1350== 424 bytes in 1 blocks are indirectly lost in loss record 818 of 1,061
==1350==    at 0x4C2E0EF: operator new(unsigned long) (in /usr/lib/valgrind/vgpreload_memcheck-amd64-linux.so)
==1350==    by 0x51547BF: sfRectangleShape_create (in /usr/lib/x86_64-linux-gnu/libcsfml-graphics.so.2.3.0)
==1350==    by 0x407E1B: create_obj (create_01.c:33)
==1350==    by 0x4080D7: create_item (create_01.c:80)
==1350==    by 0x4095F1: add_new_to_slot (add.c:12)
==1350==    by 0x403D6A: get_starting_items (inventory.c:39)
==1350==    by 0x403F11: init_inventory (inventory.c:57)
==1350==    by 0x40541C: init_game (game.c:69)
==1350==    by 0x40201B: init (main.c:25)
==1350==    by 0x4021A3: main (main.c:57)
==1350== 
==1350== 424 bytes in 1 blocks are indirectly lost in loss record 819 of 1,061
==1350==    at 0x4C2E0EF: operator new(unsigned long) (in /usr/lib/valgrind/vgpreload_memcheck-amd64-linux.so)
==1350==    by 0x51547BF: sfRectangleShape_create (in /usr/lib/x86_64-linux-gnu/libcsfml-graphics.so.2.3.0)
==1350==    by 0x407E1B: create_obj (create_01.c:33)
==1350==    by 0x40E0CC: reset_mouse_skin (replace.c:21)
==1350==    by 0x4051CD: init_tools (game.c:14)
==1350==    by 0x40544C: init_game (game.c:72)
==1350==    by 0x40201B: init (main.c:25)
==1350==    by 0x4021A3: main (main.c:57)
==1350== 
==1350== 667 bytes in 17 blocks are still reachable in loss record 854 of 1,061
==1350==    at 0x4C2DB8F: malloc (in /usr/lib/valgrind/vgpreload_memcheck-amd64-linux.so)
==1350==    by 0x401CF99: strdup (strdup.c:42)
==1350==    by 0x40187DE: _dl_load_cache_lookup (dl-cache.c:311)
==1350==    by 0x4009168: _dl_map_object (dl-load.c:2364)
==1350==    by 0x400DBA1: openaux (dl-deps.c:63)
==1350==    by 0x4010563: _dl_catch_error (dl-error.c:187)
==1350==    by 0x400E1E1: _dl_map_object_deps (dl-deps.c:254)
==1350==    by 0x40155E1: dl_open_worker (dl-open.c:280)
==1350==    by 0x4010563: _dl_catch_error (dl-error.c:187)
==1350==    by 0x4014DA8: _dl_open (dl-open.c:660)
==1350==    by 0xAAF8F08: dlopen_doit (dlopen.c:66)
==1350==    by 0x4010563: _dl_catch_error (dl-error.c:187)
==1350== 
==1350== 674 bytes in 230 blocks are indirectly lost in loss record 855 of 1,061
==1350==    at 0x4C2DB8F: malloc (in /usr/lib/valgrind/vgpreload_memcheck-amd64-linux.so)
==1350==    by 0x416978: alloc_my_words (my_str_to_word_array.c:37)
==1350==    by 0x416BA0: my_str_to_word_array (my_str_to_word_array.c:76)
==1350==    by 0x403178: get_text_infos (list_filling.c:63)
==1350==    by 0x40323D: init_a_text (list_filling.c:76)
==1350==    by 0x40617E: get_text (scene_01.c:61)
==1350==    by 0x4058D2: init_from_pcf (file_analysing.c:23)
==1350==    by 0x4059A0: get_infos (file_analysing.c:44)
==1350==    by 0x405ADA: analyse_pcf (file_analysing.c:62)
==1350==    by 0x40509F: init_scenes (scenes.c:67)
==1350==    by 0x40540C: init_game (game.c:68)
==1350==    by 0x40201B: init (main.c:25)
==1350== 
==1350== 688 bytes in 230 blocks are indirectly lost in loss record 856 of 1,061
==1350==    at 0x4C2DB8F: malloc (in /usr/lib/valgrind/vgpreload_memcheck-amd64-linux.so)
==1350==    by 0x416978: alloc_my_words (my_str_to_word_array.c:37)
==1350==    by 0x416BA0: my_str_to_word_array (my_str_to_word_array.c:76)
==1350==    by 0x40319B: get_text_infos (list_filling.c:64)
==1350==    by 0x40323D: init_a_text (list_filling.c:76)
==1350==    by 0x40617E: get_text (scene_01.c:61)
==1350==    by 0x4058D2: init_from_pcf (file_analysing.c:23)
==1350==    by 0x4059A0: get_infos (file_analysing.c:44)
==1350==    by 0x405ADA: analyse_pcf (file_analysing.c:62)
==1350==    by 0x40509F: init_scenes (scenes.c:67)
==1350==    by 0x40540C: init_game (game.c:68)
==1350==    by 0x40201B: init (main.c:25)
==1350== 
==1350== 726 bytes in 18 blocks are still reachable in loss record 860 of 1,061
==1350==    at 0x4C2DB8F: malloc (in /usr/lib/valgrind/vgpreload_memcheck-amd64-linux.so)
==1350==    by 0x400BEF3: _dl_new_object (dl-object.c:165)
==1350==    by 0x400650C: _dl_map_object_from_fd (dl-load.c:1028)
==1350==    by 0x4008C26: _dl_map_object (dl-load.c:2498)
==1350==    by 0x400DBA1: openaux (dl-deps.c:63)
==1350==    by 0x4010563: _dl_catch_error (dl-error.c:187)
==1350==    by 0x400E1E1: _dl_map_object_deps (dl-deps.c:254)
==1350==    by 0x40155E1: dl_open_worker (dl-open.c:280)
==1350==    by 0x4010563: _dl_catch_error (dl-error.c:187)
==1350==    by 0x4014DA8: _dl_open (dl-open.c:660)
==1350==    by 0xAAF8F08: dlopen_doit (dlopen.c:66)
==1350==    by 0x4010563: _dl_catch_error (dl-error.c:187)
==1350== 
==1350== 816 (72 direct, 744 indirect) bytes in 1 blocks are definitely lost in loss record 875 of 1,061
==1350==    at 0x4C2DB8F: malloc (in /usr/lib/valgrind/vgpreload_memcheck-amd64-linux.so)
==1350==    by 0x407DB2: create_obj (create_01.c:24)
==1350==    by 0x40E0CC: reset_mouse_skin (replace.c:21)
==1350==    by 0x4051CD: init_tools (game.c:14)
==1350==    by 0x40544C: init_game (game.c:72)
==1350==    by 0x40201B: init (main.c:25)
==1350==    by 0x4021A3: main (main.c:57)
==1350== 
==1350== 872 (40 direct, 832 indirect) bytes in 1 blocks are definitely lost in loss record 878 of 1,061
==1350==    at 0x4C2DB8F: malloc (in /usr/lib/valgrind/vgpreload_memcheck-amd64-linux.so)
==1350==    by 0x40803D: create_item (create_01.c:74)
==1350==    by 0x4095F1: add_new_to_slot (add.c:12)
==1350==    by 0x403CDE: get_starting_items (inventory.c:37)
==1350==    by 0x403F11: init_inventory (inventory.c:57)
==1350==    by 0x40541C: init_game (game.c:69)
==1350==    by 0x40201B: init (main.c:25)
==1350==    by 0x4021A3: main (main.c:57)
==1350== 
==1350== 872 (40 direct, 832 indirect) bytes in 1 blocks are definitely lost in loss record 879 of 1,061
==1350==    at 0x4C2DB8F: malloc (in /usr/lib/valgrind/vgpreload_memcheck-amd64-linux.so)
==1350==    by 0x40803D: create_item (create_01.c:74)
==1350==    by 0x4095F1: add_new_to_slot (add.c:12)
==1350==    by 0x403D26: get_starting_items (inventory.c:38)
==1350==    by 0x403F11: init_inventory (inventory.c:57)
==1350==    by 0x40541C: init_game (game.c:69)
==1350==    by 0x40201B: init (main.c:25)
==1350==    by 0x4021A3: main (main.c:57)
==1350== 
==1350== 873 (40 direct, 833 indirect) bytes in 1 blocks are definitely lost in loss record 880 of 1,061
==1350==    at 0x4C2DB8F: malloc (in /usr/lib/valgrind/vgpreload_memcheck-amd64-linux.so)
==1350==    by 0x40803D: create_item (create_01.c:74)
==1350==    by 0x4095F1: add_new_to_slot (add.c:12)
==1350==    by 0x403C96: get_starting_items (inventory.c:36)
==1350==    by 0x403F11: init_inventory (inventory.c:57)
==1350==    by 0x40541C: init_game (game.c:69)
==1350==    by 0x40201B: init (main.c:25)
==1350==    by 0x4021A3: main (main.c:57)
==1350== 
==1350== 876 (40 direct, 836 indirect) bytes in 1 blocks are definitely lost in loss record 881 of 1,061
==1350==    at 0x4C2DB8F: malloc (in /usr/lib/valgrind/vgpreload_memcheck-amd64-linux.so)
==1350==    by 0x40803D: create_item (create_01.c:74)
==1350==    by 0x4095F1: add_new_to_slot (add.c:12)
==1350==    by 0x403D6A: get_starting_items (inventory.c:39)
==1350==    by 0x403F11: init_inventory (inventory.c:57)
==1350==    by 0x40541C: init_game (game.c:69)
==1350==    by 0x40201B: init (main.c:25)
==1350==    by 0x4021A3: main (main.c:57)
==1350== 
==1350== 1,271 bytes in 230 blocks are indirectly lost in loss record 908 of 1,061
==1350==    at 0x4C2DB8F: malloc (in /usr/lib/valgrind/vgpreload_memcheck-amd64-linux.so)
==1350==    by 0x416978: alloc_my_words (my_str_to_word_array.c:37)
==1350==    by 0x416BA0: my_str_to_word_array (my_str_to_word_array.c:76)
==1350==    by 0x403132: get_text_infos (list_filling.c:60)
==1350==    by 0x40323D: init_a_text (list_filling.c:76)
==1350==    by 0x40617E: get_text (scene_01.c:61)
==1350==    by 0x4058D2: init_from_pcf (file_analysing.c:23)
==1350==    by 0x4059A0: get_infos (file_analysing.c:44)
==1350==    by 0x405ADA: analyse_pcf (file_analysing.c:62)
==1350==    by 0x40509F: init_scenes (scenes.c:67)
==1350==    by 0x40540C: init_game (game.c:68)
==1350==    by 0x40201B: init (main.c:25)
==1350== 
==1350== 1,705 bytes in 230 blocks are indirectly lost in loss record 922 of 1,061
==1350==    at 0x4C2DB8F: malloc (in /usr/lib/valgrind/vgpreload_memcheck-amd64-linux.so)
==1350==    by 0x416978: alloc_my_words (my_str_to_word_array.c:37)
==1350==    by 0x416BA0: my_str_to_word_array (my_str_to_word_array.c:76)
==1350==    by 0x4030ED: get_text_infos (list_filling.c:58)
==1350==    by 0x40323D: init_a_text (list_filling.c:76)
==1350==    by 0x40617E: get_text (scene_01.c:61)
==1350==    by 0x4058D2: init_from_pcf (file_analysing.c:23)
==1350==    by 0x4059A0: get_infos (file_analysing.c:44)
==1350==    by 0x405ADA: analyse_pcf (file_analysing.c:62)
==1350==    by 0x40509F: init_scenes (scenes.c:67)
==1350==    by 0x40540C: init_game (game.c:68)
==1350==    by 0x40201B: init (main.c:25)
==1350== 
==1350== 1,726 bytes in 230 blocks are indirectly lost in loss record 925 of 1,061
==1350==    at 0x4C2DB8F: malloc (in /usr/lib/valgrind/vgpreload_memcheck-amd64-linux.so)
==1350==    by 0x416978: alloc_my_words (my_str_to_word_array.c:37)
==1350==    by 0x416BA0: my_str_to_word_array (my_str_to_word_array.c:76)
==1350==    by 0x403155: get_text_infos (list_filling.c:61)
==1350==    by 0x40323D: init_a_text (list_filling.c:76)
==1350==    by 0x40617E: get_text (scene_01.c:61)
==1350==    by 0x4058D2: init_from_pcf (file_analysing.c:23)
==1350==    by 0x4059A0: get_infos (file_analysing.c:44)
==1350==    by 0x405ADA: analyse_pcf (file_analysing.c:62)
==1350==    by 0x40509F: init_scenes (scenes.c:67)
==1350==    by 0x40540C: init_game (game.c:68)
==1350==    by 0x40201B: init (main.c:25)
==1350== 
==1350== 1,782 bytes in 230 blocks are indirectly lost in loss record 927 of 1,061
==1350==    at 0x4C2DB8F: malloc (in /usr/lib/valgrind/vgpreload_memcheck-amd64-linux.so)
==1350==    by 0x416978: alloc_my_words (my_str_to_word_array.c:37)
==1350==    by 0x416BA0: my_str_to_word_array (my_str_to_word_array.c:76)
==1350==    by 0x40310F: get_text_infos (list_filling.c:59)
==1350==    by 0x40323D: init_a_text (list_filling.c:76)
==1350==    by 0x40617E: get_text (scene_01.c:61)
==1350==    by 0x4058D2: init_from_pcf (file_analysing.c:23)
==1350==    by 0x4059A0: get_infos (file_analysing.c:44)
==1350==    by 0x405ADA: analyse_pcf (file_analysing.c:62)
==1350==    by 0x40509F: init_scenes (scenes.c:67)
==1350==    by 0x40540C: init_game (game.c:68)
==1350==    by 0x40201B: init (main.c:25)
==1350== 
==1350== 1,811 bytes in 118 blocks are indirectly lost in loss record 930 of 1,061
==1350==    at 0x4C2DB8F: malloc (in /usr/lib/valgrind/vgpreload_memcheck-amd64-linux.so)
==1350==    by 0x41674C: my_strdup (my_strdup.c:13)
==1350==    by 0x408178: create_item_data (create_02.c:17)
==1350==    by 0x406A25: get_item (items.c:14)
==1350==    by 0x4058D2: init_from_pcf (file_analysing.c:23)
==1350==    by 0x4059A0: get_infos (file_analysing.c:44)
==1350==    by 0x405ADA: analyse_pcf (file_analysing.c:62)
==1350==    by 0x402A42: init_items_lib (libs.c:57)
==1350==    by 0x402D8F: init_libs (libs.c:92)
==1350==    by 0x4053FC: init_game (game.c:67)
==1350==    by 0x40201B: init (main.c:25)
==1350==    by 0x4021A3: main (main.c:57)
==1350== 
==1350== 1,811 bytes in 118 blocks are indirectly lost in loss record 931 of 1,061
==1350==    at 0x4C2DB8F: malloc (in /usr/lib/valgrind/vgpreload_memcheck-amd64-linux.so)
==1350==    by 0x41674C: my_strdup (my_strdup.c:13)
==1350==    by 0x406B3B: get_item_texture (items.c:37)
==1350==    by 0x4058D2: init_from_pcf (file_analysing.c:23)
==1350==    by 0x4059A0: get_infos (file_analysing.c:44)
==1350==    by 0x405ADA: analyse_pcf (file_analysing.c:62)
==1350==    by 0x402A42: init_items_lib (libs.c:57)
==1350==    by 0x402D8F: init_libs (libs.c:92)
==1350==    by 0x4053FC: init_game (game.c:67)
==1350==    by 0x40201B: init (main.c:25)
==1350==    by 0x4021A3: main (main.c:57)
==1350== 
==1350== 1,826 bytes in 119 blocks are indirectly lost in loss record 932 of 1,061
==1350==    at 0x4C2DB8F: malloc (in /usr/lib/valgrind/vgpreload_memcheck-amd64-linux.so)
==1350==    by 0x41674C: my_strdup (my_strdup.c:13)
==1350==    by 0x4154F1: hm_bucket_create (hash.c:54)
==1350==    by 0x41507B: hm_add (hashb.c:17)
==1350==    by 0x406A95: get_item (items.c:21)
==1350==    by 0x4058D2: init_from_pcf (file_analysing.c:23)
==1350==    by 0x4059A0: get_infos (file_analysing.c:44)
==1350==    by 0x405ADA: analyse_pcf (file_analysing.c:62)
==1350==    by 0x402A42: init_items_lib (libs.c:57)
==1350==    by 0x402D8F: init_libs (libs.c:92)
==1350==    by 0x4053FC: init_game (game.c:67)
==1350==    by 0x40201B: init (main.c:25)
==1350== 
==1350== 2,856 bytes in 119 blocks are indirectly lost in loss record 949 of 1,061
==1350==    at 0x4C2DB8F: malloc (in /usr/lib/valgrind/vgpreload_memcheck-amd64-linux.so)
==1350==    by 0x4154E1: hm_bucket_create (hash.c:52)
==1350==    by 0x41507B: hm_add (hashb.c:17)
==1350==    by 0x406A95: get_item (items.c:21)
==1350==    by 0x4058D2: init_from_pcf (file_analysing.c:23)
==1350==    by 0x4059A0: get_infos (file_analysing.c:44)
==1350==    by 0x405ADA: analyse_pcf (file_analysing.c:62)
==1350==    by 0x402A42: init_items_lib (libs.c:57)
==1350==    by 0x402D8F: init_libs (libs.c:92)
==1350==    by 0x4053FC: init_game (game.c:67)
==1350==    by 0x40201B: init (main.c:25)
==1350==    by 0x4021A3: main (main.c:57)
==1350== 
==1350== 3,434 (2,760 direct, 674 indirect) bytes in 115 blocks are definitely lost in loss record 952 of 1,061
==1350==    at 0x4C2DB8F: malloc (in /usr/lib/valgrind/vgpreload_memcheck-amd64-linux.so)
==1350==    by 0x416B2B: my_str_to_word_array (my_str_to_word_array.c:69)
==1350==    by 0x403178: get_text_infos (list_filling.c:63)
==1350==    by 0x40323D: init_a_text (list_filling.c:76)
==1350==    by 0x40617E: get_text (scene_01.c:61)
==1350==    by 0x4058D2: init_from_pcf (file_analysing.c:23)
==1350==    by 0x4059A0: get_infos (file_analysing.c:44)
==1350==    by 0x405ADA: analyse_pcf (file_analysing.c:62)
==1350==    by 0x40509F: init_scenes (scenes.c:67)
==1350==    by 0x40540C: init_game (game.c:68)
==1350==    by 0x40201B: init (main.c:25)
==1350==    by 0x4021A3: main (main.c:57)
==1350== 
==1350== 3,448 (2,760 direct, 688 indirect) bytes in 115 blocks are definitely lost in loss record 954 of 1,061
==1350==    at 0x4C2DB8F: malloc (in /usr/lib/valgrind/vgpreload_memcheck-amd64-linux.so)
==1350==    by 0x416B2B: my_str_to_word_array (my_str_to_word_array.c:69)
==1350==    by 0x40319B: get_text_infos (list_filling.c:64)
==1350==    by 0x40323D: init_a_text (list_filling.c:76)
==1350==    by 0x40617E: get_text (scene_01.c:61)
==1350==    by 0x4058D2: init_from_pcf (file_analysing.c:23)
==1350==    by 0x4059A0: get_infos (file_analysing.c:44)
==1350==    by 0x405ADA: analyse_pcf (file_analysing.c:62)
==1350==    by 0x40509F: init_scenes (scenes.c:67)
==1350==    by 0x40540C: init_game (game.c:68)
==1350==    by 0x40201B: init (main.c:25)
==1350==    by 0x4021A3: main (main.c:57)
==1350== 
==1350== 4,031 (2,760 direct, 1,271 indirect) bytes in 115 blocks are definitely lost in loss record 958 of 1,061
==1350==    at 0x4C2DB8F: malloc (in /usr/lib/valgrind/vgpreload_memcheck-amd64-linux.so)
==1350==    by 0x416B2B: my_str_to_word_array (my_str_to_word_array.c:69)
==1350==    by 0x403132: get_text_infos (list_filling.c:60)
==1350==    by 0x40323D: init_a_text (list_filling.c:76)
==1350==    by 0x40617E: get_text (scene_01.c:61)
==1350==    by 0x4058D2: init_from_pcf (file_analysing.c:23)
==1350==    by 0x4059A0: get_infos (file_analysing.c:44)
==1350==    by 0x405ADA: analyse_pcf (file_analysing.c:62)
==1350==    by 0x40509F: init_scenes (scenes.c:67)
==1350==    by 0x40540C: init_game (game.c:68)
==1350==    by 0x40201B: init (main.c:25)
==1350==    by 0x4021A3: main (main.c:57)
==1350== 
==1350== 4,096 bytes in 1 blocks are indirectly lost in loss record 964 of 1,061
==1350==    at 0x4C2DB8F: malloc (in /usr/lib/valgrind/vgpreload_memcheck-amd64-linux.so)
==1350==    by 0x4153A5: hm_create (hash.c:20)
==1350==    by 0x402A05: init_items_lib (libs.c:56)
==1350==    by 0x402D8F: init_libs (libs.c:92)
==1350==    by 0x4053FC: init_game (game.c:67)
==1350==    by 0x40201B: init (main.c:25)
==1350==    by 0x4021A3: main (main.c:57)
==1350== 
==1350== 4,465 (2,760 direct, 1,705 indirect) bytes in 115 blocks are definitely lost in loss record 978 of 1,061
==1350==    at 0x4C2DB8F: malloc (in /usr/lib/valgrind/vgpreload_memcheck-amd64-linux.so)
==1350==    by 0x416B2B: my_str_to_word_array (my_str_to_word_array.c:69)
==1350==    by 0x4030ED: get_text_infos (list_filling.c:58)
==1350==    by 0x40323D: init_a_text (list_filling.c:76)
==1350==    by 0x40617E: get_text (scene_01.c:61)
==1350==    by 0x4058D2: init_from_pcf (file_analysing.c:23)
==1350==    by 0x4059A0: get_infos (file_analysing.c:44)
==1350==    by 0x405ADA: analyse_pcf (file_analysing.c:62)
==1350==    by 0x40509F: init_scenes (scenes.c:67)
==1350==    by 0x40540C: init_game (game.c:68)
==1350==    by 0x40201B: init (main.c:25)
==1350==    by 0x4021A3: main (main.c:57)
==1350== 
==1350== 4,486 (2,760 direct, 1,726 indirect) bytes in 115 blocks are definitely lost in loss record 980 of 1,061
==1350==    at 0x4C2DB8F: malloc (in /usr/lib/valgrind/vgpreload_memcheck-amd64-linux.so)
==1350==    by 0x416B2B: my_str_to_word_array (my_str_to_word_array.c:69)
==1350==    by 0x403155: get_text_infos (list_filling.c:61)
==1350==    by 0x40323D: init_a_text (list_filling.c:76)
==1350==    by 0x40617E: get_text (scene_01.c:61)
==1350==    by 0x4058D2: init_from_pcf (file_analysing.c:23)
==1350==    by 0x4059A0: get_infos (file_analysing.c:44)
==1350==    by 0x405ADA: analyse_pcf (file_analysing.c:62)
==1350==    by 0x40509F: init_scenes (scenes.c:67)
==1350==    by 0x40540C: init_game (game.c:68)
==1350==    by 0x40201B: init (main.c:25)
==1350==    by 0x4021A3: main (main.c:57)
==1350== 
==1350== 4,542 (2,760 direct, 1,782 indirect) bytes in 115 blocks are definitely lost in loss record 981 of 1,061
==1350==    at 0x4C2DB8F: malloc (in /usr/lib/valgrind/vgpreload_memcheck-amd64-linux.so)
==1350==    by 0x416B2B: my_str_to_word_array (my_str_to_word_array.c:69)
==1350==    by 0x40310F: get_text_infos (list_filling.c:59)
==1350==    by 0x40323D: init_a_text (list_filling.c:76)
==1350==    by 0x40617E: get_text (scene_01.c:61)
==1350==    by 0x4058D2: init_from_pcf (file_analysing.c:23)
==1350==    by 0x4059A0: get_infos (file_analysing.c:44)
==1350==    by 0x405ADA: analyse_pcf (file_analysing.c:62)
==1350==    by 0x40509F: init_scenes (scenes.c:67)
==1350==    by 0x40540C: init_game (game.c:68)
==1350==    by 0x40201B: init (main.c:25)
==1350==    by 0x4021A3: main (main.c:57)
==1350== 
==1350== 4,720 bytes in 118 blocks are indirectly lost in loss record 984 of 1,061
==1350==    at 0x4C2DB8F: malloc (in /usr/lib/valgrind/vgpreload_memcheck-amd64-linux.so)
==1350==    by 0x40815A: create_item_data (create_02.c:13)
==1350==    by 0x406A25: get_item (items.c:14)
==1350==    by 0x4058D2: init_from_pcf (file_analysing.c:23)
==1350==    by 0x4059A0: get_infos (file_analysing.c:44)
==1350==    by 0x405ADA: analyse_pcf (file_analysing.c:62)
==1350==    by 0x402A42: init_items_lib (libs.c:57)
==1350==    by 0x402D8F: init_libs (libs.c:92)
==1350==    by 0x4053FC: init_game (game.c:67)
==1350==    by 0x40201B: init (main.c:25)
==1350==    by 0x4021A3: main (main.c:57)
==1350== 
==1350== 8,784 bytes in 122 blocks are definitely lost in loss record 997 of 1,061
==1350==    at 0x4C2DB8F: malloc (in /usr/lib/valgrind/vgpreload_memcheck-amd64-linux.so)
==1350==    by 0x407DB2: create_obj (create_01.c:24)
==1350==    by 0x408661: add_obj_to_list (add.c:34)
==1350==    by 0x402F3F: init_an_obj (list_filling.c:31)
==1350==    by 0x4060EE: get_obj (scene_01.c:48)
==1350==    by 0x4058D2: init_from_pcf (file_analysing.c:23)
==1350==    by 0x4059A0: get_infos (file_analysing.c:44)
==1350==    by 0x405ADA: analyse_pcf (file_analysing.c:62)
==1350==    by 0x40509F: init_scenes (scenes.c:67)
==1350==    by 0x40540C: init_game (game.c:68)
==1350==    by 0x40201B: init (main.c:25)
==1350==    by 0x4021A3: main (main.c:57)
==1350== 
==1350== 17,144 (24 direct, 17,120 indirect) bytes in 1 blocks are definitely lost in loss record 1,022 of 1,061
==1350==    at 0x4C2DB8F: malloc (in /usr/lib/valgrind/vgpreload_memcheck-amd64-linux.so)
==1350==    by 0x41536F: hm_create (hash.c:14)
==1350==    by 0x402A05: init_items_lib (libs.c:56)
==1350==    by 0x402D8F: init_libs (libs.c:92)
==1350==    by 0x4053FC: init_game (game.c:67)
==1350==    by 0x40201B: init (main.c:25)
==1350==    by 0x4021A3: main (main.c:57)
==1350== 
==1350== 21,315 bytes in 18 blocks are still reachable in loss record 1,026 of 1,061
==1350==    at 0x4C2FB55: calloc (in /usr/lib/valgrind/vgpreload_memcheck-amd64-linux.so)
==1350==    by 0x400BBF5: _dl_new_object (dl-object.c:75)
==1350==    by 0x400650C: _dl_map_object_from_fd (dl-load.c:1028)
==1350==    by 0x4008C26: _dl_map_object (dl-load.c:2498)
==1350==    by 0x400DBA1: openaux (dl-deps.c:63)
==1350==    by 0x4010563: _dl_catch_error (dl-error.c:187)
==1350==    by 0x400E1E1: _dl_map_object_deps (dl-deps.c:254)
==1350==    by 0x40155E1: dl_open_worker (dl-open.c:280)
==1350==    by 0x4010563: _dl_catch_error (dl-error.c:187)
==1350==    by 0x4014DA8: _dl_open (dl-open.c:660)
==1350==    by 0xAAF8F08: dlopen_doit (dlopen.c:66)
==1350==    by 0x4010563: _dl_catch_error (dl-error.c:187)
==1350== 
==1350== 24,832 bytes in 388 blocks are definitely lost in loss record 1,032 of 1,061
==1350==    at 0x4C2DB8F: malloc (in /usr/lib/valgrind/vgpreload_memcheck-amd64-linux.so)
==1350==    by 0x4081E8: create_texture (create_02.c:27)
==1350==    by 0x4062E1: get_texture (texture_01.c:14)
==1350==    by 0x4058D2: init_from_pcf (file_analysing.c:23)
==1350==    by 0x4059A0: get_infos (file_analysing.c:44)
==1350==    by 0x405ADA: analyse_pcf (file_analysing.c:62)
==1350==    by 0x402D12: init_textures_lib (libs.c:80)
==1350==    by 0x402D5F: init_libs (libs.c:89)
==1350==    by 0x4053FC: init_game (game.c:67)
==1350==    by 0x40201B: init (main.c:25)
==1350==    by 0x4021A3: main (main.c:57)
==1350== 
==1350== LEAK SUMMARY:
==1350==    definitely lost: 51,986 bytes in 1,243 blocks
==1350==    indirectly lost: 29,147 bytes in 2,033 blocks
==1350==      possibly lost: 70 bytes in 3 blocks
==1350==    still reachable: 22,783 bytes in 55 blocks
==1350==         suppressed: 46,623,958 bytes in 6,871 blocks
==1350== 
==1350== For counts of detected and suppressed errors, rerun with: -v
==1350== ERROR SUMMARY: 36 errors from 36 contexts (suppressed: 16788561 from 1386)
